Case #1: 9 4
Case #2: 8 4
Case #3: 0 0
Case #4: 10 3
Case #5: 1 0
Case #6: 9 0
Case #7: 3 0
Case #8: 1 0
Case #9: 9 0
Case #10: 0 0
Case #11: 10 5
Case #12: 2 0
Case #13: 0 0
Case #14: 7 0
Case #15: 0 0
Case #16: 10 2
Case #17: 9 0
Case #18: 9 0
Case #19: 0 0
Case #20: 6 0
Case #21: 2 0
Case #22: 9 4
Case #23: 6 0
Case #24: 9 2
Case #25: 4 0
Case #26: 0 0
Case #27: 10 5
Case #28: 9 3
Case #29: 0 0
Case #30: 8 0
Case #31: 8 0
Case #32: 2 0
Case #33: 0 0
Case #34: 8 4
Case #35: 0 0
Case #36: 1 0
Case #37: 0 0
Case #38: 3 1
Case #39: 6 0
Case #40: 4 0
Case #41: 2 0
Case #42: 8 0
Case #43: 0 0
Case #44: 10 5
Case #45: 9 0
Case #46: 6 0
Case #47: 6 0
Case #48: 3 0
Case #49: 7 1
Case #50: 10 0
