Case #1: 10 2
Case #2: 0 0
Case #3: 0 0
Case #4: 5 1
Case #5: 9 9
Case #6: 7 1
Case #7: 8 8
Case #8: 9 5
Case #9: 10 4
Case #10: 7 2
Case #11: 7 2
Case #12: 7 3
Case #13: 3 2
Case #14: 0 0
Case #15: 8 3
Case #16: 3 1
Case #17: 3 1
Case #18: 9 3
Case #19: 10 4
Case #20: 7 1
Case #21: 10 10
Case #22: 7 2
Case #23: 0 0
Case #24: 8 2
Case #25: 10 10
Case #26: 0 0
Case #27: 7 1
Case #28: 10 10
Case #29: 7 0
Case #30: 0 0
Case #31: 0 0
Case #32: 0 0
Case #33: 4 4
Case #34: 10 10
Case #35: 7 1
Case #36: 8 3
Case #37: 9 9
Case #38: 10 10
Case #39: 10 7
Case #40: 8 2
Case #41: 8 1
Case #42: 3 1
Case #43: 4 1
Case #44: 9 5
Case #45: 8 2
Case #46: 5 0
Case #47: 5 0
Case #48: 0 0
Case #49: 1 1
Case #50: 3 2
