Case #1: 3 1
Case #2: 4 1
Case #3: 2 2
Case #4: 1 0
Case #5: 6 0
Case #6: 10 10
Case #7: 7 2
Case #8: 8 2
Case #9: 10 10
Case #10: 9 1
Case #11: 1 1
Case #12: 1 1
Case #13: 0 0
Case #14: 4 2
Case #15: 1 1
Case #16: 9 2
Case #17: 8 2
Case #18: 5 5
Case #19: 5 1
Case #20: 0 0
Case #21: 0 0
Case #22: 2 1
Case #23: 8 2
Case #24: 4 3
Case #25: 0 0
Case #26: 9 6
Case #27: 7 1
Case #28: 0 0
Case #29: 9 3
Case #30: 10 10
Case #31: 10 2
Case #32: 8 1
Case #33: 6 0
Case #34: 8 4
Case #35: 10 6
Case #36: 6 1
Case #37: 10 10
Case #38: 6 1
Case #39: 10 10
Case #40: 4 1
Case #41: 1 1
Case #42: 0 0
Case #43: 10 10
Case #44: 10 3
Case #45: 2 1
Case #46: 4 1
Case #47: 1 1
Case #48: 10 10
Case #49: 3 1
Case #50: 4 0
