Case #1:
*****
*...*
*****
Case #2:
c....
.....
.....
Case #3:
***.
....
Case #4:
c...
....
....
Case #5:
*.c
...
Case #6:
***.c
.....
.....
Case #7:
****
**.*
*..*
*..*
****
Case #8:
***.c
Case #9:
c..
...
...
...
...
Case #10:
****
*..*
*..*
****
Case #11:
c
.
Case #12:
****
...*
...*
****
Case #13:
c..
...
Case #14:
*****
....*
c...*
..***
Case #15:
*****
....*
c...*
....*
*****
Case #16:
*****
....*
c...*
.....
Case #17:
c.
..
..
..
Case #18:
***
..*
Case #19:
***
..*
c.*
..*
Case #20:
*****
....*
*.c.*
*...*
*****
Case #21:
**
.*
.*
..
c.
Case #22:
*.c..
.....
.....
.....
Case #23:
****
...*
c..*
...*
....
Case #24:
c...
....
....
....
Case #25:
****
...*
c..*
....
....
Case #26:
**
.*
.*
..
Case #27:
***
*.*
*.*
*.*
***
Case #28:
c
.
.
.
.
Case #29:
**.
Case #30:
**
.*
.*
.*
Case #31:
****
...*
.***
Case #32:
*.c
...
...
...
Case #33:
*****
....*
c..**
Case #34:
**
.*
.*
.*
**
Case #35:
****
....
Case #36:
***
..*
..*
.**
Case #37:
**
.*
.*
.*
.*
Case #38:
*****
....*
c....
.....
.....
Case #39:
c...
....
Case #40:
**
..
c.
..
..
Case #41:
**.c.
.....
Case #42:
*.c.
Case #43:
***
..*
.**
Case #44:
****
****
*.**
****
Case #45:
**.c.
.....
.....
Case #46:
****
**.*
****
Case #47:
**
..
c.
Case #48:
****
...*
...*
.***
Case #49:
c
.
.
.
Case #50:
**
.*
..
c.
Case #51:
***
*.*
*.*
***
Case #52:
****
****
*..*
****
Case #53:
*****
*****
*..**
*****
Case #54:
c.
..
Case #55:
*.
..
c.
Case #56:
**
.*
Case #57:
*
*
.
c
Case #58:
****.
.....
c....
.....
.....
Case #59:
c.
..
..
..
..
Case #60:
*****
***.*
*...*
*****
Case #61:
*****
**..*
*****
Case #62:
***.
....
c...
....
....
Case #63:
*****
....*
....*
.****
Case #64:
*.c.
....
....
Case #65:
***
..*
*.*
*.*
***
Case #66:
****
...*
c..*
...*
.***
Case #67:
*****
***.*
*****
Case #68:
*
*
*
.
c
Case #69:
*****
....*
c....
.....
Case #70:
****
...*
c..*
..**
Case #71:
****
..**
Case #72:
*****
.....
c....
.....
Case #73:
****
****
*.**
*.**
****
Case #74:
***.c
.....
Case #75:
***
***
*.*
***
Case #76:
*
*
.
Case #77:
c..
...
...
...
Case #78:
*.c..
.....
Case #79:
**
.*
..
c.
..
Case #80:
****
...*
*..*
*..*
****
Case #81:
*.
..
c.
..
Case #82:
c....
.....
Case #83:
*****
....*
c...*
.....
.....
Case #84:
****
...*
...*
*..*
****
Case #85:
*.c
...
...
...
...
Case #86:
***
..*
c.*
..*
..*
Case #87:
*
.
c
.
.
Case #88:
c
.
.
Case #89:
****
****
*.**
*..*
****
Case #90:
****
...*
c..*
...*
Case #91:
**
.*
**
**
Case #92:
****
...*
c..*
....
Case #93:
****
*..*
*..*
*..*
****
Case #94:
****
****
*..*
*..*
****
Case #95:
****
...*
c.**
Case #96:
c...
....
....
....
....
Case #97:
**.
...
c..
Case #98:
*****
....*
c...*
....*
.****
Case #99:
**
..
Case #100:
c.
..
..
Case #101:
c...
Case #102:
****
...*
****
Case #103:
*****
....*
c...*
....*
.....
Case #104:
**.c.
.....
.....
.....
.....
Case #105:
***
..*
***
Case #106:
***.
....
c...
....
Case #107:
****
...*
Case #108:
****
...*
*..*
****
Case #109:
***
..*
*.*
***
Case #110:
****
...*
c...
....
Case #111:
*.
..
c.
..
..
Case #112:
*.c.
....
Case #113:
*****
**..*
*...*
*...*
*****
Case #114:
*****
*****
*..**
*.***
*****
Case #115:
c..
...
...
Case #116:
***
..*
c.*
..*
...
Case #117:
*
*
*
*
.
Case #118:
**
.*
..
Case #119:
****
...*
c..*
...*
...*
Case #120:
***.
Case #121:
****
....
c...
....
Case #122:
**.c
....
Case #123:
*****
*****
**.**
*****
*****
Case #124:
**
.*
**
Case #125:
*.
Case #126:
*****
.....
c....
Case #127:
*
.
Case #128:
*****
.....
c....
.....
.....
Case #129:
***
***
***
*.*
***
Case #130:
***
.**
Case #131:
*****
.....
Case #132:
*****
***.*
*...*
*...*
*****
Case #133:
***
..*
c.*
Case #134:
*****
....*
c.***
Case #135:
****.
Case #136:
*****
**..*
*...*
*****
Case #137:
***
..*
c..
...
...
Case #138:
****.
.....
c....
.....
Case #139:
*****
....*
c....
Case #140:
****
...*
c...
....
....
Case #141:
**.c.
.....
.....
.....
Case #142:
**.c
Case #143:
****
....
c...
....
....
Case #144:
****
****
*.**
****
****
Case #145:
c....
Case #146:
***
..*
c..
Case #147:
****
*..*
****
Case #148:
***.c
.....
.....
.....
.....
Case #149:
**
.*
.*
**
**
Case #150:
*****
....*
c...*
Case #151:
**.c.
Case #152:
****
...*
c...
Case #153:
*****
*****
*..**
*..**
*****
Case #154:
*****
*****
*...*
*...*
*****
Case #155:
**
.*
.*
**
Case #156:
*****
....*
.****
Case #157:
**.c
....
....
....
Case #158:
****
.***
Case #159:
*****
...**
Case #160:
***
...
c..
...
Case #161:
*.c
Case #162:
*.c..
Case #163:
***
***
*.*
*.*
***
Case #164:
*.c..
.....
.....
Case #165:
*****
*****
*.***
*****
Case #166:
*****
.****
Case #167:
*****
*****
*...*
*****
Case #168:
c....
.....
.....
.....
.....
Case #169:
**
..
c.
..
Case #170:
*
*
*
.
Case #171:
*****
*****
*..**
*...*
*****
Case #172:
***
..*
c.*
..*
***
Case #173:
****
**.*
*..*
****
Case #174:
*
*
.
c
.
Case #175:
***
...
c..
Case #176:
c....
.....
.....
.....
Case #177:
***
...
c..
...
...
Case #178:
***.
....
c...
Case #179:
***
..*
c.*
..*
.**
Case #180:
c
Case #181:
**.c
....
....
....
....
Case #182:
*****
*...*
*.c.*
*...*
*****
Case #183:
*****
....*
c...*
....*
Case #184:
***
..*
..*
*.*
***
Case #185:
**.c
....
....
Case #186:
****
...*
c..*
...*
..**
Case #187:
c..
Case #188:
**.
...
c..
...
Case #189:
*****
....*
*****
Case #190:
*****
....*
....*
*****
Case #191:
*****
....*
c...*
....*
...**
Case #192:
*.c..
.....
.....
.....
.....
Case #193:
****.
.....
c....
Case #194:
**
.*
.*
Case #195:
***.c
.....
.....
.....
Case #196:
***
..*
..*
***
Case #197:
*****
....*
Case #198:
*****
....*
c...*
...**
Case #199:
***
..*
c.*
...
Case #200:
*****
....*
..c.*
*...*
*****
Case #201:
*****
....*
c...*
....*
..***
Case #202:
***
...
Case #203:
****
...*
c..*
...*
****
Case #204:
*.c.
....
....
....
....
Case #205:
***
..*
c..
...
Case #206:
*****
....*
c...*
....*
....*
Case #207:
****.
.....
Case #208:
***
*.*
***
Case #209:
*.c
...
...
Case #210:
**.
...
Case #211:
c.
Case #212:
****
...*
c..*
Case #213:
*****
*...*
*...*
*****
Case #214:
*****
..***
Case #215:
*****
....*
*...*
*****
Case #216:
*****
*****
*..**
*****
*****
Case #217:
**
.*
.*
.*
..
Case #218:
***
..*
c.*
...
...
Case #219:
*.c.
....
....
....
Case #220:
*
.
c
Case #221:
*.
..
Case #222:
**
.*
**
**
**
Case #223:
*
.
c
.
Case #224:
**.
...
c..
...
...
Case #225:
****
....
c...
